This is pdfTeX, Version 3.1415926-2.5-1.40.14 (TeX Live 2013) (format=pdflatex 2014.2.21)  27 MAY 2014 12:33
entering extended mode
 restricted \write18 enabled.
 %&-line parsing enabled.
**report.tex
(./report.tex
LaTeX2e <2011/06/27>
Babel <3.9f> and hyphenation patterns for 82 languages loaded.
\draft=\count79

(/usr/share/texmf-dist/tex/latex/base/article.cls
Document Class: article 2007/10/19 v1.4h Standard LaTeX document class
(/usr/share/texmf-dist/tex/latex/base/size10.clo
File: size10.clo 2007/10/19 v1.4h Standard LaTeX file (size option)
)
\c@part=\count80
\c@section=\count81
\c@subsection=\count82
\c@subsubsection=\count83
\c@paragraph=\count84
\c@subparagraph=\count85
\c@figure=\count86
\c@table=\count87
\abovecaptionskip=\skip41
\belowcaptionskip=\skip42
\bibindent=\dimen102
)
(/usr/share/texmf-dist/tex/latex/graphics/graphicx.sty
Package: graphicx 1999/02/16 v1.0f Enhanced LaTeX Graphics (DPC,SPQR)

(/usr/share/texmf-dist/tex/latex/graphics/keyval.sty
Package: keyval 1999/03/16 v1.13 key=value parser (DPC)
\KV@toks@=\toks14
)
(/usr/share/texmf-dist/tex/latex/graphics/graphics.sty
Package: graphics 2009/02/05 v1.0o Standard LaTeX Graphics (DPC,SPQR)

(/usr/share/texmf-dist/tex/latex/graphics/trig.sty
Package: trig 1999/03/16 v1.09 sin cos tan (DPC)
)
(/usr/share/texmf-dist/tex/latex/latexconfig/graphics.cfg
File: graphics.cfg 2010/04/23 v1.9 graphics configuration of TeX Live
)
Package graphics Info: Driver file: pdftex.def on input line 91.

(/usr/share/texmf-dist/tex/latex/pdftex-def/pdftex.def
File: pdftex.def 2011/05/27 v0.06d Graphics/color for pdfTeX

(/usr/share/texmf-dist/tex/generic/oberdiek/infwarerr.sty
Package: infwarerr 2010/04/08 v1.3 Providing info/warning/error messages (HO)
)
(/usr/share/texmf-dist/tex/generic/oberdiek/ltxcmds.sty
Package: ltxcmds 2011/11/09 v1.22 LaTeX kernel commands for general use (HO)
)
\Gread@gobject=\count88
))
\Gin@req@height=\dimen103
\Gin@req@width=\dimen104
)
(/usr/share/texmf-dist/tex/latex/hyperref/hyperref.sty
Package: hyperref 2012/11/06 v6.83m Hypertext links for LaTeX

(/usr/share/texmf-dist/tex/generic/oberdiek/hobsub-hyperref.sty
Package: hobsub-hyperref 2012/05/28 v1.13 Bundle oberdiek, subset hyperref (HO)


(/usr/share/texmf-dist/tex/generic/oberdiek/hobsub-generic.sty
Package: hobsub-generic 2012/05/28 v1.13 Bundle oberdiek, subset generic (HO)
Package: hobsub 2012/05/28 v1.13 Construct package bundles (HO)
Package hobsub Info: Skipping package `infwarerr' (already loaded).
Package hobsub Info: Skipping package `ltxcmds' (already loaded).
Package: ifluatex 2010/03/01 v1.3 Provides the ifluatex switch (HO)
Package ifluatex Info: LuaTeX not detected.
Package: ifvtex 2010/03/01 v1.5 Detect VTeX and its facilities (HO)
Package ifvtex Info: VTeX not detected.
Package: intcalc 2007/09/27 v1.1 Expandable calculations with integers (HO)
Package: ifpdf 2011/01/30 v2.3 Provides the ifpdf switch (HO)
Package ifpdf Info: pdfTeX in PDF mode is detected.
Package: etexcmds 2011/02/16 v1.5 Avoid name clashes with e-TeX commands (HO)
Package etexcmds Info: Could not find \expanded.
(etexcmds)             That can mean that you are not using pdfTeX 1.50 or
(etexcmds)             that some package has redefined \expanded.
(etexcmds)             In the latter case, load this package earlier.
Package: kvsetkeys 2012/04/25 v1.16 Key value parser (HO)
Package: kvdefinekeys 2011/04/07 v1.3 Define keys (HO)
Package: pdftexcmds 2011/11/29 v0.20 Utility functions of pdfTeX for LuaTeX (HO
)
Package pdftexcmds Info: LuaTeX not detected.
Package pdftexcmds Info: \pdf@primitive is available.
Package pdftexcmds Info: \pdf@ifprimitive is available.
Package pdftexcmds Info: \pdfdraftmode found.
Package: pdfescape 2011/11/25 v1.13 Implements pdfTeX's escape features (HO)
Package: bigintcalc 2012/04/08 v1.3 Expandable calculations on big integers (HO
)
Package: bitset 2011/01/30 v1.1 Handle bit-vector datatype (HO)
Package: uniquecounter 2011/01/30 v1.2 Provide unlimited unique counter (HO)
)
Package hobsub Info: Skipping package `hobsub' (already loaded).
Package: letltxmacro 2010/09/02 v1.4 Let assignment for LaTeX macros (HO)
Package: hopatch 2012/05/28 v1.2 Wrapper for package hooks (HO)
Package: xcolor-patch 2011/01/30 xcolor patch
Package: atveryend 2011/06/30 v1.8 Hooks at the very end of document (HO)
Package atveryend Info: \enddocument detected (standard20110627).
Package: atbegshi 2011/10/05 v1.16 At begin shipout hook (HO)
Package: refcount 2011/10/16 v3.4 Data extraction from label references (HO)
Package: hycolor 2011/01/30 v1.7 Color options for hyperref/bookmark (HO)
)
(/usr/share/texmf-dist/tex/generic/ifxetex/ifxetex.sty
Package: ifxetex 2010/09/12 v0.6 Provides ifxetex conditional
)
(/usr/share/texmf-dist/tex/latex/oberdiek/auxhook.sty
Package: auxhook 2011/03/04 v1.3 Hooks for auxiliary files (HO)
)
(/usr/share/texmf-dist/tex/latex/oberdiek/kvoptions.sty
Package: kvoptions 2011/06/30 v3.11 Key value format for package options (HO)
)
\@linkdim=\dimen105
\Hy@linkcounter=\count89
\Hy@pagecounter=\count90

(/usr/share/texmf-dist/tex/latex/hyperref/pd1enc.def
File: pd1enc.def 2012/11/06 v6.83m Hyperref: PDFDocEncoding definition (HO)
)
\Hy@SavedSpaceFactor=\count91

(/usr/share/texmf-dist/tex/latex/latexconfig/hyperref.cfg
File: hyperref.cfg 2002/06/06 v1.2 hyperref configuration of TeXLive
)
Package hyperref Info: Hyper figures OFF on input line 4443.
Package hyperref Info: Link nesting OFF on input line 4448.
Package hyperref Info: Hyper index ON on input line 4451.
Package hyperref Info: Plain pages OFF on input line 4458.
Package hyperref Info: Backreferencing OFF on input line 4463.
Package hyperref Info: Implicit mode ON; LaTeX internals redefined.
Package hyperref Info: Bookmarks ON on input line 4688.
\c@Hy@tempcnt=\count92

(/usr/share/texmf-dist/tex/latex/url/url.sty
\Urlmuskip=\muskip10
Package: url 2006/04/12  ver 3.3  Verb mode for urls, etc.
)
LaTeX Info: Redefining \url on input line 5041.
\XeTeXLinkMargin=\dimen106
\Fld@menulength=\count93
\Field@Width=\dimen107
\Fld@charsize=\dimen108
Package hyperref Info: Hyper figures OFF on input line 6295.
Package hyperref Info: Link nesting OFF on input line 6300.
Package hyperref Info: Hyper index ON on input line 6303.
Package hyperref Info: backreferencing OFF on input line 6310.
Package hyperref Info: Link coloring OFF on input line 6315.
Package hyperref Info: Link coloring with OCG OFF on input line 6320.
Package hyperref Info: PDF/A mode OFF on input line 6325.
LaTeX Info: Redefining \ref on input line 6365.
LaTeX Info: Redefining \pageref on input line 6369.
\Hy@abspage=\count94
\c@Item=\count95
\c@Hfootnote=\count96
)

Package hyperref Message: Driver (autodetected): hpdftex.

(/usr/share/texmf-dist/tex/latex/hyperref/hpdftex.def
File: hpdftex.def 2012/11/06 v6.83m Hyperref driver for pdfTeX
\Fld@listcount=\count97
\c@bookmark@seq@number=\count98

(/usr/share/texmf-dist/tex/latex/oberdiek/rerunfilecheck.sty
Package: rerunfilecheck 2011/04/15 v1.7 Rerun checks for auxiliary files (HO)
Package uniquecounter Info: New unique counter `rerunfilecheck' on input line 2
82.
)
\Hy@SectionHShift=\skip43
)
(./build/report.aux)
\openout1 = `./build/report.aux'.

LaTeX Font Info:    Checking defaults for OML/cmm/m/it on input line 14.
LaTeX Font Info:    ... okay on input line 14.
LaTeX Font Info:    Checking defaults for T1/cmr/m/n on input line 14.
LaTeX Font Info:    ... okay on input line 14.
LaTeX Font Info:    Checking defaults for OT1/cmr/m/n on input line 14.
LaTeX Font Info:    ... okay on input line 14.
LaTeX Font Info:    Checking defaults for OMS/cmsy/m/n on input line 14.
LaTeX Font Info:    ... okay on input line 14.
LaTeX Font Info:    Checking defaults for OMX/cmex/m/n on input line 14.
LaTeX Font Info:    ... okay on input line 14.
LaTeX Font Info:    Checking defaults for U/cmr/m/n on input line 14.
LaTeX Font Info:    ... okay on input line 14.
LaTeX Font Info:    Checking defaults for PD1/pdf/m/n on input line 14.
LaTeX Font Info:    ... okay on input line 14.
 (/usr/share/texmf-dist/tex/context/base/supp-pdf.mkii
[Loading MPS to PDF converter (version 2006.09.02).]
\scratchcounter=\count99
\scratchdimen=\dimen109
\scratchbox=\box26
\nofMPsegments=\count100
\nofMParguments=\count101
\everyMPshowfont=\toks15
\MPscratchCnt=\count102
\MPscratchDim=\dimen110
\MPnumerator=\count103
\makeMPintoPDFobject=\count104
\everyMPtoPDFconversion=\toks16
) (/usr/share/texmf-dist/tex/latex/oberdiek/epstopdf-base.sty
Package: epstopdf-base 2010/02/09 v2.5 Base part for package epstopdf

(/usr/share/texmf-dist/tex/latex/oberdiek/grfext.sty
Package: grfext 2010/08/19 v1.1 Manage graphics extensions (HO)
)
Package grfext Info: Graphics extension search list:
(grfext)             [.png,.pdf,.jpg,.mps,.jpeg,.jbig2,.jb2,.PNG,.PDF,.JPG,.JPE
G,.JBIG2,.JB2,.eps]
(grfext)             \AppendGraphicsExtensions on input line 452.

(/usr/share/texmf-dist/tex/latex/latexconfig/epstopdf-sys.cfg
File: epstopdf-sys.cfg 2010/07/13 v1.3 Configuration of (r)epstopdf for TeX Liv
e
))
\AtBeginShipoutBox=\box27
Package hyperref Info: Link coloring OFF on input line 14.

(/usr/share/texmf-dist/tex/latex/hyperref/nameref.sty
Package: nameref 2012/10/27 v2.43 Cross-referencing by name of section

(/usr/share/texmf-dist/tex/generic/oberdiek/gettitlestring.sty
Package: gettitlestring 2010/12/03 v1.4 Cleanup title references (HO)
)
\c@section@level=\count105
)
LaTeX Info: Redefining \ref on input line 14.
LaTeX Info: Redefining \pageref on input line 14.
LaTeX Info: Redefining \nameref on input line 14.

(./build/report.out) (./build/report.out)
\@outlinefile=\write3
\openout3 = `./build/report.out'.

 (./src/00.Preamble.tex [1

{/var/lib/texmf/fonts/map/pdftex/updmap/pdftex.map}]) (./src/07.Design.tex [2]
<./src/figure/a07Design-img1.png, id=31, 1284.8pt x 770.88pt>
File: ./src/figure/a07Design-img1.png Graphic file (type png)

<use ./src/figure/a07Design-img1.png>
Package pdftex.def Info: ./src/figure/a07Design-img1.png used on input line 16.

(pdftex.def)             Requested size: 453.70566pt x 271.9999pt.

Overfull \hbox (123.70566pt too wide) in paragraph at lines 16--17
[][] 
 []

<./src/figure/a07Design-img2.png, id=32, 1479.5275pt x 409.53pt>
File: ./src/figure/a07Design-img2.png Graphic file (type png)

<use ./src/figure/a07Design-img2.png>
Package pdftex.def Info: ./src/figure/a07Design-img2.png used on input line 30.

(pdftex.def)             Requested size: 453.7047pt x 125.47198pt.

Overfull \hbox (123.7047pt too wide) in paragraph at lines 30--31
[][] 
 []

[3 <./src/figure/a07Design-img1.png>]
<./src/figure/a07Design-img3.png, id=39, 1371.1225pt x 770.88pt>
File: ./src/figure/a07Design-img3.png Graphic file (type png)

<use ./src/figure/a07Design-img3.png>
Package pdftex.def Info: ./src/figure/a07Design-img3.png used on input line 76.

(pdftex.def)             Requested size: 464.50175pt x 235.6062pt.

Overfull \hbox (119.50175pt too wide) in paragraph at lines 76--77
[][] 
 []


LaTeX Warning: `!h' float specifier changed to `!ht'.

[4 <./src/figure/a07Design-img2.png>] [5 <./src/figure/a07Design-img3.png>]
! Too many }'s.
l.98 User interface}
                    
You've closed more groups than you opened.
Such booboos are generally harmless, so keep going.

! Too many }'s.
l.109 \ }
         
You've closed more groups than you opened.
Such booboos are generally harmless, so keep going.

LaTeX Font Info:    External font `cmex10' loaded for size
(Font)              <7> on input line 117.
LaTeX Font Info:    External font `cmex10' loaded for size
(Font)              <5> on input line 117.
LaTeX Font Info:    External font `cmex10' loaded for size
(Font)              <8> on input line 117.
LaTeX Font Info:    External font `cmex10' loaded for size
(Font)              <6> on input line 117.

Underfull \hbox (badness 10000) in paragraph at lines 117--117
[][][] \OT1/cmr/m/n/8 http://research.microsoft.com/en-us/um/people/cutrell/chi
09-buschercutrellmorris-
 []


Underfull \hbox (badness 10000) in paragraph at lines 139--139
[][][] \OT1/cmr/m/n/8 http://www.clevelandconsultinggroup.com/articles/emergenc
e-gestalt-approach-to-
 []

<./src/figure/a07Design-img4.png, id=53, 209.78375pt x 57.21375pt>
File: ./src/figure/a07Design-img4.png Graphic file (type png)

<use ./src/figure/a07Design-img4.png>
Package pdftex.def Info: ./src/figure/a07Design-img4.png used on input line 147
.
(pdftex.def)             Requested size: 157.59988pt x 43.16074pt.

<./src/figure/a07Design-img5.png, id=54, 65.24374pt x 31.11626pt>
File: ./src/figure/a07Design-img5.png Graphic file (type png)

<use ./src/figure/a07Design-img5.png>
Package pdftex.def Info: ./src/figure/a07Design-img5.png used on input line 148
.
(pdftex.def)             Requested size: 77.27962pt x 36.13806pt.

<./src/figure/a07Design-img6.png, id=55, 90.3375pt x 31.11626pt>
File: ./src/figure/a07Design-img6.png Graphic file (type png)

<use ./src/figure/a07Design-img6.png>
Package pdftex.def Info: ./src/figure/a07Design-img6.png used on input line 149
.
(pdftex.def)             Requested size: 83.31412pt x 29.1111pt.

! Undefined control sequence.
l.160 first of Shneiderman{\textquotesingle
                                           }s eight golden rules of interface
The control sequence at the end of the top line
of your error message was never \def'ed. If you have
misspelled it (e.g., `\hobx'), type `I' and the correct
spelling (e.g., `I\hbox'). Otherwise just continue,
and I'll forget about whatever was undefined.

! Undefined control sequence.
l.167 Schneiderman{\textquotesingle
                                   }s fifth and sixth rule, for easy reversal
The control sequence at the end of the top line
of your error message was never \def'ed. If you have
misspelled it (e.g., `\hobx'), type `I' and the correct
spelling (e.g., `I\hbox'). Otherwise just continue,
and I'll forget about whatever was undefined.

<./src/figure/a07Design-img7.png, id=57, 699.61375pt x 274.02374pt>
File: ./src/figure/a07Design-img7.png Graphic file (type png)

<use ./src/figure/a07Design-img7.png>
Package pdftex.def Info: ./src/figure/a07Design-img7.png used on input line 172
.
(pdftex.def)             Requested size: 469.76361pt x 183.69112pt.

Overfull \hbox (139.76361pt too wide) in paragraph at lines 172--173
[][] 
 []

[6

 <./src/figure/a07Design-img4.png> <./src/figure/a07Design-img5.png> <./src/fig
ure/a07Design-img6.png>]
! Undefined control sequence.
l.194 Shneiderman{\textquotesingle
                                  }s eight rule, because they will have
The control sequence at the end of the top line
of your error message was never \def'ed. If you have
misspelled it (e.g., `\hobx'), type `I' and the correct
spelling (e.g., `I\hbox'). Otherwise just continue,
and I'll forget about whatever was undefined.

<./src/figure/a07Design-img8.png, id=71, 1336.995pt x 629.35126pt>
File: ./src/figure/a07Design-img8.png Graphic file (type png)

<use ./src/figure/a07Design-img8.png>
Package pdftex.def Info: ./src/figure/a07Design-img8.png used on input line 206
.
(pdftex.def)             Requested size: 469.75053pt x 220.81401pt.

Overfull \hbox (139.75053pt too wide) in paragraph at lines 206--207
[][] 
 []

[7 <./src/figure/a07Design-img7.png>]
! Too many }'s.
l.224 ..., drag {\textquoteleft}n drop and more. }
                                                  
You've closed more groups than you opened.
Such booboos are generally harmless, so keep going.

! Undefined control sequence.
l.235 Shneiderman{\textquotesingle
                                  }s eight rule
The control sequence at the end of the top line
of your error message was never \def'ed. If you have
misspelled it (e.g., `\hobx'), type `I' and the correct
spelling (e.g., `I\hbox'). Otherwise just continue,
and I'll forget about whatever was undefined.

! Too many }'s.
l.252 ...with the other parts of the admin site. }
                                                  
You've closed more groups than you opened.
Such booboos are generally harmless, so keep going.

<./src/figure/a07Design-img9.png, id=78, 1342.01375pt x 629.35126pt>
File: ./src/figure/a07Design-img9.png Graphic file (type png)

<use ./src/figure/a07Design-img9.png>
Package pdftex.def Info: ./src/figure/a07Design-img9.png used on input line 263
.
(pdftex.def)             Requested size: 469.7528pt x 219.82489pt.

Overfull \hbox (139.7528pt too wide) in paragraph at lines 263--264
[][] 
 []

[8 <./src/figure/a07Design-img8.png>]
! Too many }'s.
l.278 that team. }
                  
You've closed more groups than you opened.
Such booboos are generally harmless, so keep going.

! Too many }'s.
l.294 pages. }
              
You've closed more groups than you opened.
Such booboos are generally harmless, so keep going.

<./src/figure/a07Design-img10.png, id=84, 1334.9875pt x 589.20125pt>
File: ./src/figure/a07Design-img10.png Graphic file (type png)

<use ./src/figure/a07Design-img10.png>
Package pdftex.def Info: ./src/figure/a07Design-img10.png used on input line 29
9.
(pdftex.def)             Requested size: 469.75818pt x 207.78786pt.

Overfull \hbox (139.75818pt too wide) in paragraph at lines 299--300
[][] 
 []

[9 <./src/figure/a07Design-img9.png>]
! Too many }'s.
l.323 Kilde:}
             
You've closed more groups than you opened.
Such booboos are generally harmless, so keep going.

! Too many }'s.
l.326 ...nce-gestalt-approach-to-change.php}{php}}
                                                  
You've closed more groups than you opened.
Such booboos are generally harmless, so keep going.


Overfull \hbox (28.61182pt too wide) in paragraph at lines 326--327
[]\OT1/cmr/m/n/10 1.[]http[][]://[][]www[][].[][]clevelandconsultinggroup[][].[
][]com[][]/[][]articles[][]/[][]emergence[][]-[][]gestalt[][]-[][]approach[][]-

 []

! Too many }'s.
l.333 }
       
You've closed more groups than you opened.
Such booboos are generally harmless, so keep going.

) [10 <./src/figure/a07Design-img10.png>] (./build/report.bbl)
Package atveryend Info: Empty hook `BeforeClearDocument' on input line 24.
Package atveryend Info: Empty hook `AfterLastShipout' on input line 24.

(./build/report.aux)
Package atveryend Info: Executing hook `AtVeryEndDocument' on input line 24.
Package atveryend Info: Executing hook `AtEndAfterFileList' on input line 24.
Package rerunfilecheck Info: File `./build/report.out' has not changed.
(rerunfilecheck)             Checksum: E45F093B13F5BA78014A915AF9973E32;189.
Package atveryend Info: Empty hook `AtVeryVeryEnd' on input line 24.
 ) 
Here is how much of TeX's memory you used:
 5142 strings out of 493069
 76731 string characters out of 6139707
 159276 words of memory out of 5000000
 8536 multiletter control sequences out of 15000+600000
 7019 words of font info for 25 fonts, out of 8000000 for 9000
 1173 hyphenation exceptions out of 8191
 29i,8n,28p,2212b,331s stack positions out of 5000i,500n,10000p,200000b,80000s
</usr/share/texmf-dist/fonts/type1/public/amsfonts/cm/cmbx12.pfb></usr/share/
texmf-dist/fonts/type1/public/amsfonts/cm/cmr10.pfb></usr/share/texmf-dist/font
s/type1/public/amsfonts/cm/cmr6.pfb></usr/share/texmf-dist/fonts/type1/public/a
msfonts/cm/cmr7.pfb></usr/share/texmf-dist/fonts/type1/public/amsfonts/cm/cmr8.
pfb></usr/share/texmf-dist/fonts/type1/public/amsfonts/cm/cmti10.pfb>
Output written on ./build/report.pdf (10 pages, 553016 bytes).
PDF statistics:
 163 PDF objects out of 1000 (max. 8388607)
 124 compressed objects within 2 object streams
 19 named destinations out of 1000 (max. 500000)
 83 words of extra memory for PDF output out of 10000 (max. 10000000)

